#
# There is insufficient memory for the Java Runtime Environment to continue.
# Native memory allocation (malloc) failed to allocate 1048576 bytes for AllocateHeap
# Possible reasons:
#   The system is out of physical RAM or swap space
#   In 32 bit mode, the process size limit was hit
# Possible solutions:
#   Reduce memory load on the system
#   Increase physical memory or swap space
#   Check if swap backing store is full
#   Use 64 bit Java on a 64 bit OS
#   Decrease Java heap size (-Xmx/-Xms)
#   Decrease number of Java threads
#   Decrease Java thread stack sizes (-Xss)
#   Set larger code cache with -XX:ReservedCodeCacheSize=
# This output file may be truncated or incomplete.
#
#  Out of Memory Error (memory/allocation.inline.hpp:61), pid=15232, tid=15640
#
# JRE version:  (8.0_40-b26) (build )
# Java VM: Java HotSpot(TM) 64-Bit Server VM (25.40-b25 mixed mode windows-amd64 compressed oops)
# Failed to write core dump. Minidumps are not enabled by default on client versions of Windows
#

---------------  T H R E A D  ---------------

Current thread (0x00000000023d0800):  JavaThread "Unknown thread" [_thread_in_vm, id=15640, stack(0x00000000022d0000,0x00000000023d0000)]

Stack: [0x00000000022d0000,0x00000000023d0000]
Native frames: (J=compiled Java code, j=interpreted, Vv=VM code, C=native code)
V  [jvm.dll+0x32b47a]


---------------  P R O C E S S  ---------------

Java Threads: ( => current thread )

Other Threads:

=>0x00000000023d0800 (exited) JavaThread "Unknown thread" [_thread_in_vm, id=15640, stack(0x00000000022d0000,0x00000000023d0000)]

VM state:not at safepoint (normal execution)

VM Mutex/Monitor currently owned by a thread: None

Heap:
 PSYoungGen      total 38400K, used 665K [0x00000000d5b80000, 0x00000000d8600000, 0x0000000100000000)
  eden space 33280K, 2% used [0x00000000d5b80000,0x00000000d5c26670,0x00000000d7c00000)
  from space 5120K, 0% used [0x00000000d8100000,0x00000000d8100000,0x00000000d8600000)
  to   space 5120K, 0% used [0x00000000d7c00000,0x00000000d7c00000,0x00000000d8100000)
 ParOldGen       total 87552K, used 0K [0x0000000081200000, 0x0000000086780000, 0x00000000d5b80000)
  object space 87552K, 0% used [0x0000000081200000,0x0000000081200000,0x0000000086780000)
 Metaspace       used 742K, capacity 4480K, committed 4480K, reserved 1056768K
  class space    used 75K, capacity 384K, committed 384K, reserved 1048576K

Card table byte_map: [0x0000000011890000,0x0000000011c90000] byte_map_base: 0x0000000011487000

Marking Bits: (ParMarkBitMap*) 0x00000000740d4040
 Begin Bits: [0x0000000012340000, 0x00000000142f8000)
 End Bits:   [0x00000000142f8000, 0x00000000162b0000)

Polling page: 0x0000000000940000

CodeCache: size=245760Kb used=328Kb max_used=328Kb free=245431Kb
 bounds [0x00000000024d0000, 0x0000000002740000, 0x00000000114d0000]
 total_blobs=57 nmethods=0 adapters=37
 compilation: enabled

Compilation events (0 events):
No events

GC Heap History (0 events):
No events

Deoptimization events (0 events):
No events

Internal exceptions (0 events):
No events

Events (10 events):
Event: 0.091 loading class java/lang/Short
Event: 0.091 loading class java/lang/Short done
Event: 0.091 loading class java/lang/Integer
Event: 0.091 loading class java/lang/Integer done
Event: 0.091 loading class java/lang/Long
Event: 0.091 loading class java/lang/Long done
Event: 0.091 loading class java/lang/NullPointerException
Event: 0.091 loading class java/lang/NullPointerException done
Event: 0.091 loading class java/lang/ArithmeticException
Event: 0.091 loading class java/lang/ArithmeticException done


Dynamic libraries:
0x00007ff663af0000 - 0x00007ff663b27000 	C:\Program Files\Java\jre1.8.0_40\bin\javaw.exe
0x00007ffe19040000 - 0x00007ffe191ec000 	C:\windows\SYSTEM32\ntdll.dll
0x00007ffe16bc0000 - 0x00007ffe16cfe000 	C:\windows\system32\KERNEL32.DLL
0x00007ffe16240000 - 0x00007ffe16355000 	C:\windows\system32\KERNELBASE.dll
0x00007ffe14a00000 - 0x00007ffe14a8e000 	C:\windows\system32\apphelp.dll
0x00007ffe057a0000 - 0x00007ffe057f3000 	C:\windows\AppPatch\AppPatch64\AcGenral.DLL
0x00007ffe18d40000 - 0x00007ffe18dea000 	C:\windows\system32\msvcrt.dll
0x00007ffe15c20000 - 0x00007ffe15c4e000 	C:\windows\SYSTEM32\SspiCli.dll
0x00007ffe171d0000 - 0x00007ffe17224000 	C:\windows\system32\SHLWAPI.dll
0x00007ffe163c0000 - 0x00007ffe16537000 	C:\windows\system32\USER32.dll
0x00007ffe16a00000 - 0x00007ffe16b94000 	C:\windows\system32\ole32.dll
0x00007ffe176c0000 - 0x00007ffe18bd8000 	C:\windows\system32\SHELL32.dll
0x00007ffe153f0000 - 0x00007ffe15411000 	C:\windows\SYSTEM32\USERENV.dll
0x00007ffe16950000 - 0x00007ffe169fa000 	C:\windows\system32\ADVAPI32.dll
0x00007ffe13430000 - 0x00007ffe1344e000 	C:\windows\SYSTEM32\MPR.dll
0x00007ffe18ef0000 - 0x00007ffe19031000 	C:\windows\system32\RPCRT4.dll
0x00007ffe168f0000 - 0x00007ffe16949000 	C:\windows\SYSTEM32\sechost.dll
0x00007ffe16d90000 - 0x00007ffe16fa1000 	C:\windows\SYSTEM32\combase.dll
0x00007ffe17480000 - 0x00007ffe175d1000 	C:\windows\system32\GDI32.dll
0x00007ffe15da0000 - 0x00007ffe15db5000 	C:\windows\SYSTEM32\profapi.dll
0x00007ffe14390000 - 0x00007ffe14442000 	C:\windows\SYSTEM32\SHCORE.dll
0x00007ffe18df0000 - 0x00007ffe18e26000 	C:\windows\system32\IMM32.DLL
0x00007ffe18be0000 - 0x00007ffe18d32000 	C:\windows\system32\MSCTF.dll
0x00007ffe13ef0000 - 0x00007ffe1416a000 	C:\windows\WinSxS\amd64_microsoft.windows.common-controls_6595b64144ccf1df_6.0.9600.17810_none_6240b9c7ecbd0bda\COMCTL32.dll
0x0000000074160000 - 0x0000000074232000 	C:\Program Files\Java\jre1.8.0_40\bin\msvcr100.dll
0x00000000738d0000 - 0x0000000074153000 	C:\Program Files\Java\jre1.8.0_40\bin\server\jvm.dll
0x00007ffe134d0000 - 0x00007ffe134d9000 	C:\windows\SYSTEM32\WSOCK32.dll
0x00007ffe15f80000 - 0x00007ffe15fa2000 	C:\windows\system32\WINMM.dll
0x00007ffe0cbb0000 - 0x00007ffe0cbba000 	C:\windows\SYSTEM32\VERSION.dll
0x00007ffe171c0000 - 0x00007ffe171c7000 	C:\windows\system32\PSAPI.DLL
0x00007ffe16fb0000 - 0x00007ffe1700a000 	C:\windows\system32\WS2_32.dll
0x00007ffe15ea0000 - 0x00007ffe15eca000 	C:\windows\system32\WINMMBASE.dll
0x00007ffe176b0000 - 0x00007ffe176b9000 	C:\windows\system32\NSI.dll
0x00007ffe16360000 - 0x00007ffe163af000 	C:\windows\SYSTEM32\cfgmgr32.dll
0x00007ffe15e50000 - 0x00007ffe15e78000 	C:\windows\system32\DEVOBJ.dll
0x0000000075370000 - 0x000000007537f000 	C:\Program Files\Java\jre1.8.0_40\bin\verify.dll
0x0000000075340000 - 0x0000000075369000 	C:\Program Files\Java\jre1.8.0_40\bin\java.dll
0x00000000738b0000 - 0x00000000738c6000 	C:\Program Files\Java\jre1.8.0_40\bin\zip.dll
0x00007ffe085f0000 - 0x00007ffe08779000 	C:\windows\SYSTEM32\dbghelp.dll

VM Arguments:
jvm_args: -Dfile.encoding=Cp1252 
java_command: insuranceGUI.BasicInfo
java_class_path (initial): C:\everyjavafuckingthing\Insurance\bin
Launcher Type: SUN_STANDARD

Environment Variables:
PATH=C:/Program Files/Java/jre1.8.0_45/bin/server;C:/Program Files/Java/jre1.8.0_45/bin;C:/Program Files/Java/jre1.8.0_45/lib/amd64;C:\Program Files (x86)\NVIDIA Corporation\PhysX\Common;C:\ProgramData\Oracle\Java\javapath;C:\Program Files (x86)\Lenovo\FusionEngine;C:\Program Files (x86)\Intel\iCLS Client\;C:\Program Files\Intel\iCLS Client\;C:\windows\system32;C:\windows;C:\windows\System32\Wbem;C:\windows\System32\WindowsPowerShell\v1.0\;C:\Program Files\Intel\Intel(R) Management Engine Components\DAL;C:\Program Files\Intel\Intel(R) Management Engine Components\IPT;C:\Program Files (x86)\Intel\Intel(R) Management Engine Components\DAL;C:\Program Files (x86)\Intel\Intel(R) Management Engine Components\IPT;C:\Program Files (x86)\ATI Technologies\ATI.ACE\Core-Static;C:\Program Files\Intel\WiFi\bin\;C:\Program Files\Common Files\Intel\WirelessCommon\;C:\Program Files (x86)\Lenovo\Motion Control\;C:\Program Files (x86)\Common Files\lenovo\easyplussdk\bin;C:\Program Files\TortoiseGit\bin;C:\eclipse-java-luna-SR2-win32-x86_64\eclipse;
USERNAME=Yufeng
OS=Windows_NT
PROCESSOR_IDENTIFIER=Intel64 Family 6 Model 69 Stepping 1, GenuineIntel



---------------  S Y S T E M  ---------------

OS: Windows 8.1 , 64 bit Build 9600 (6.3.9600.17415)

CPU:total 4 (2 cores per cpu, 2 threads per core) family 6 model 69 stepping 1, cmov, cx8, fxsr, mmx, sse, sse2, sse3, ssse3, sse4.1, sse4.2, popcnt, avx, avx2, aes, clmul, erms, lzcnt, ht, tsc, tscinvbit, bmi1, bmi2

Memory: 4k page, physical 8307672k(1784356k free), swap 33473496k(5156k free)

vm_info: Java HotSpot(TM) 64-Bit Server VM (25.40-b25) for windows-amd64 JRE (1.8.0_40-b26), built on Mar  7 2015 13:51:59 by "java_re" with MS VC++ 10.0 (VS2010)

time: Thu Jun 18 12:13:04 2015
elapsed time: 0 seconds (0d 0h 0m 0s)

